02/03/2021 08:46:58 Fonction publier() : Ma premi&egrave;re publication
04/03/2021 16:23:30 Fonction publier() : Publication
05/03/2021 09:03:07 Fonction publier() : Je publie en tant que user1
05/03/2021 09:09:07 Fonction publier() : test
05/03/2021 09:11:23 Fonction publier() : tttt
05/03/2021 09:13:01 Fonction publier() : rrrr
05/03/2021 09:15:05 Fonction publier() : ttttt
05/03/2021 09:15:33 Fonction publier() : tttttt
05/03/2021 09:17:47 Fonction publier() : Je publie en tant que user1
05/03/2021 09:50:14 Fonction publier() : Je publie en tant que user1
05/03/2021 09:59:20 Fonction publier() : Je publie en tant que user1
05/03/2021 10:02:08 Fonction publier() : Ma deuxi&egrave;me
05/03/2021 10:10:48 Fonction publier() : Je test
05/03/2021 10:13:57 Fonction publier() : tttt
05/03/2021 10:16:04 Fonction publier() : ppppppppp
05/03/2021 10:16:14 Fonction publier() : ppppppppp
05/03/2021 10:17:00 Fonction publier() : bbbbbb
05/03/2021 10:17:07 Fonction publier() : bbbbbb
05/03/2021 10:21:28 Fonction publier() : bbbbbbbbb
05/03/2021 11:00:21 Fonction publier() : ggggggg
05/03/2021 11:03:07 Fonction publier() : test
05/03/2021 19:18:07 Fonction publier() : ttttttt
07/03/2021 12:14:24 Fonction publier() : Je publie sur le 4
07/03/2021 12:17:26 Fonction publier() : Je publie sur le 3
07/03/2021 12:17:54 Fonction publier() : je publie sur le 2
07/03/2021 15:29:51 Fonction publier() : Je publie sur le 5
07/03/2021 15:31:23 Fonction publier() : Salut!!
